###### Temperature (unit: K) ######
After iteration 001:   297.9691
After iteration 002:   298.1794
After iteration 003:   298.2301
After iteration 004:   298.2124
After iteration 005:   298.2215
After iteration 006:   298.1931
After iteration 007:   298.2087
After iteration 008:   298.1762
After iteration 009:   298.2044
After iteration 010:   298.1669
After iteration 011:   298.1532
After iteration 012:   298.1315
After iteration 013:   298.1135
After iteration 014:   298.1129
After iteration 015:   298.1281
After iteration 016:   298.1457
After iteration 017:   298.1360
After iteration 018:   298.1454
After iteration 019:   298.1464
After iteration 020:   298.1632
After iteration 021:   298.1873
After iteration 022:   298.1649
After iteration 023:   298.1633
After iteration 024:   298.1461
After iteration 025:   298.1629
After iteration 026:   298.1725
After iteration 027:   298.1740
After iteration 028:   298.1822
After iteration 029:   298.1800
After iteration 030:   298.1718
After iteration 031:   298.1817
After iteration 032:   298.1872
After iteration 033:   298.1916
After iteration 034:   298.1875
After iteration 035:   298.1806
After iteration 036:   298.1970
After iteration 037:   298.2000
After iteration 038:   298.1969
After iteration 039:   298.1824
After iteration 040:   298.1918
After iteration 041:   298.1885
After iteration 042:   298.1917
After iteration 043:   298.1945
After iteration 044:   298.1811
After iteration 045:   298.1750
After iteration 046:   298.1801
After iteration 047:   298.1852
After iteration 048:   298.1894
After iteration 049:   298.1968
After iteration 050:   298.1998
After iteration 051:   298.2000
After iteration 052:   298.2019
After iteration 053:   298.1947
After iteration 054:   298.1996
After iteration 055:   298.1980
After iteration 056:   298.1948
After iteration 057:   298.1934
After iteration 058:   298.1940
After iteration 059:   298.1995
After iteration 060:   298.2012
After iteration 061:   298.2040
After iteration 062:   298.1973
After iteration 063:   298.1912
After iteration 064:   298.1886
After iteration 065:   298.1903
###### Density (unit: g/cm^3) ######
After iteration 001:     0.9852
After iteration 002:     0.9845
After iteration 003:     0.9845
After iteration 004:     0.9846
After iteration 005:     0.9847
After iteration 006:     0.9848
After iteration 007:     0.9847
After iteration 008:     0.9847
After iteration 009:     0.9847
After iteration 010:     0.9847
After iteration 011:     0.9847
After iteration 012:     0.9848
After iteration 013:     0.9847
After iteration 014:     0.9847
After iteration 015:     0.9847
After iteration 016:     0.9847
After iteration 017:     0.9848
After iteration 018:     0.9848
After iteration 019:     0.9847
After iteration 020:     0.9847
After iteration 021:     0.9847
After iteration 022:     0.9847
After iteration 023:     0.9848
After iteration 024:     0.9848
After iteration 025:     0.9848
After iteration 026:     0.9848
After iteration 027:     0.9848
After iteration 028:     0.9848
After iteration 029:     0.9848
After iteration 030:     0.9849
After iteration 031:     0.9848
After iteration 032:     0.9848
After iteration 033:     0.9849
After iteration 034:     0.9849
After iteration 035:     0.9849
After iteration 036:     0.9849
After iteration 037:     0.9849
After iteration 038:     0.9849
After iteration 039:     0.9849
After iteration 040:     0.9849
After iteration 041:     0.9849
After iteration 042:     0.9849
After iteration 043:     0.9849
After iteration 044:     0.9849
After iteration 045:     0.9849
After iteration 046:     0.9849
After iteration 047:     0.9849
After iteration 048:     0.9849
After iteration 049:     0.9849
After iteration 050:     0.9849
After iteration 051:     0.9849
After iteration 052:     0.9849
After iteration 053:     0.9849
After iteration 054:     0.9849
After iteration 055:     0.9849
After iteration 056:     0.9849
After iteration 057:     0.9849
After iteration 058:     0.9849
After iteration 059:     0.9849
After iteration 060:     0.9849
After iteration 061:     0.9849
After iteration 062:     0.9849
After iteration 063:     0.9849
After iteration 064:     0.9849
After iteration 065:     0.9849
###### Dielectric Constant ######
After iteration 001:    92.9484
After iteration 002:    95.2946
After iteration 003:   100.3603
After iteration 004:    99.9808
After iteration 005:    99.7422
After iteration 006:    99.4354
After iteration 007:    98.5325
After iteration 008:    98.5326
After iteration 009:    99.3624
After iteration 010:    98.2022
After iteration 011:    97.6365
After iteration 012:    98.3431
After iteration 013:    97.7091
After iteration 014:    98.0969
After iteration 015:    97.3440
After iteration 016:    97.5791
After iteration 017:    98.5970
After iteration 018:    98.4662
After iteration 019:    98.2655
After iteration 020:    98.3059
After iteration 021:    98.1514
After iteration 022:    98.6833
After iteration 023:    98.0360
After iteration 024:    97.8918
After iteration 025:    98.1914
After iteration 026:    98.0275
After iteration 027:    98.1941
After iteration 028:    97.9523
After iteration 029:    97.7579
After iteration 030:    97.6632
After iteration 031:    97.3156
After iteration 032:    97.6228
After iteration 033:    97.5753
After iteration 034:    97.4900
After iteration 035:    97.5914
After iteration 036:    97.6137
After iteration 037:    97.4588
After iteration 038:    97.6676
After iteration 039:    97.5174
After iteration 040:    97.3081
After iteration 041:    97.2923
After iteration 042:    97.1655
After iteration 043:    97.0520
After iteration 044:    97.0674
After iteration 045:    96.8880
After iteration 046:    97.0484
After iteration 047:    97.1761
After iteration 048:    97.0992
After iteration 049:    97.1632
After iteration 050:    97.1354
After iteration 051:    97.1775
After iteration 052:    97.0962
After iteration 053:    97.1492
After iteration 054:    97.0508
After iteration 055:    97.4164
After iteration 056:    97.5209
After iteration 057:    97.4655
After iteration 058:    97.3722
After iteration 059:    97.5059
After iteration 060:    97.4878
After iteration 061:    97.3867
After iteration 062:    97.3682
After iteration 063:    97.2255
After iteration 064:    97.2507
After iteration 065:    97.2515
### Isothermal compressibility (unit: 10^(-6) bar^(-1)) ###
After iteration 001:    55.4522
After iteration 002:    55.9721
After iteration 003:    57.5990
After iteration 004:    56.8308
After iteration 005:    57.1843
After iteration 006:    56.8007
After iteration 007:    59.0482
After iteration 008:    59.3897
After iteration 009:    58.9096
After iteration 010:    58.7381
After iteration 011:    58.8791
After iteration 012:    59.1253
After iteration 013:    59.0049
After iteration 014:    58.7143
After iteration 015:    58.5898
After iteration 016:    58.7196
After iteration 017:    58.6803
After iteration 018:    58.4217
After iteration 019:    58.3857
After iteration 020:    58.4698
After iteration 021:    58.5855
After iteration 022:    58.2605
After iteration 023:    58.2758
After iteration 024:    58.1486
After iteration 025:    58.1302
After iteration 026:    58.1118
After iteration 027:    58.0153
After iteration 028:    58.1667
After iteration 029:    58.1534
After iteration 030:    58.0658
After iteration 031:    58.0602
After iteration 032:    58.0144
After iteration 033:    58.0197
After iteration 034:    57.8202
After iteration 035:    57.8631
After iteration 036:    58.0174
After iteration 037:    57.9876
After iteration 038:    58.0974
After iteration 039:    57.9509
After iteration 040:    57.9763
After iteration 041:    57.9334
After iteration 042:    58.0455
After iteration 043:    58.0644
After iteration 044:    58.0250
After iteration 045:    58.0157
After iteration 046:    58.0006
After iteration 047:    57.9623
After iteration 048:    57.9844
After iteration 049:    58.0128
After iteration 050:    58.0269
After iteration 051:    58.0186
After iteration 052:    58.0491
After iteration 053:    58.0005
After iteration 054:    57.9262
After iteration 055:    57.9106
After iteration 056:    57.9024
After iteration 057:    57.9494
After iteration 058:    57.9208
After iteration 059:    57.8745
After iteration 060:    57.8347
After iteration 061:    57.8924
After iteration 062:    57.8873
After iteration 063:    57.9018
After iteration 064:    57.8622
After iteration 065:    57.7747
### Thermal Expansion Coefficient (unit:10^(-4)K^-(1))###
After iteration 001:     8.1238
After iteration 002:     8.0694
After iteration 003:     8.9584
After iteration 004:     8.8120
After iteration 005:     8.5766
After iteration 006:     8.7983
After iteration 007:     9.0584
After iteration 008:     9.3177
After iteration 009:     9.2869
After iteration 010:     9.2760
After iteration 011:     9.3172
After iteration 012:     9.2829
After iteration 013:     9.2947
After iteration 014:     9.1550
After iteration 015:     9.2444
After iteration 016:     9.3111
After iteration 017:     9.2379
After iteration 018:     9.2157
After iteration 019:     9.1511
After iteration 020:     9.0870
After iteration 021:     9.0975
After iteration 022:     9.0326
After iteration 023:     9.0547
After iteration 024:     9.0542
After iteration 025:     9.0608
After iteration 026:     9.0082
After iteration 027:     9.0327
After iteration 028:     9.0628
After iteration 029:     9.0562
After iteration 030:     9.0561
After iteration 031:     9.0754
After iteration 032:     9.0640
After iteration 033:     9.0771
After iteration 034:     9.0450
After iteration 035:     9.0423
After iteration 036:     9.0649
After iteration 037:     9.0645
After iteration 038:     9.0878
After iteration 039:     9.0871
After iteration 040:     9.0978
After iteration 041:     9.0860
After iteration 042:     9.1076
After iteration 043:     9.0894
After iteration 044:     9.0700
After iteration 045:     9.0903
After iteration 046:     9.0833
After iteration 047:     9.0604
After iteration 048:     9.0842
After iteration 049:     9.0772
After iteration 050:     9.0707
After iteration 051:     9.0621
After iteration 052:     9.0565
After iteration 053:     9.0515
After iteration 054:     9.0317
After iteration 055:     9.0270
After iteration 056:     9.0273
After iteration 057:     9.0255
After iteration 058:     9.0081
After iteration 059:     9.0030
After iteration 060:     9.0093
After iteration 061:     9.0060
After iteration 062:     9.0059
After iteration 063:     9.0136
After iteration 064:     9.0167
After iteration 065:     9.0006
###### Heat of Vaporization (unit: kcal/mol)######
After iteration 001:    10.0901
After iteration 002:    10.0885
After iteration 003:    10.0880
After iteration 004:    10.0887
After iteration 005:    10.0881
After iteration 006:    10.0885
After iteration 007:    10.0883
After iteration 008:    10.0888
After iteration 009:    10.0889
After iteration 010:    10.0889
After iteration 011:    10.0889
After iteration 012:    10.0894
After iteration 013:    10.0890
After iteration 014:    10.0891
After iteration 015:    10.0891
After iteration 016:    10.0892
After iteration 017:    10.0895
After iteration 018:    10.0892
After iteration 019:    10.0891
After iteration 020:    10.0890
After iteration 021:    10.0887
After iteration 022:    10.0888
After iteration 023:    10.0888
After iteration 024:    10.0889
After iteration 025:    10.0888
After iteration 026:    10.0887
After iteration 027:    10.0888
After iteration 028:    10.0886
After iteration 029:    10.0886
After iteration 030:    10.0887
After iteration 031:    10.0886
After iteration 032:    10.0885
After iteration 033:    10.0885
After iteration 034:    10.0886
After iteration 035:    10.0886
After iteration 036:    10.0885
After iteration 037:    10.0884
After iteration 038:    10.0883
After iteration 039:    10.0884
After iteration 040:    10.0883
After iteration 041:    10.0884
After iteration 042:    10.0883
After iteration 043:    10.0883
After iteration 044:    10.0884
After iteration 045:    10.0884
After iteration 046:    10.0885
After iteration 047:    10.0883
After iteration 048:    10.0882
After iteration 049:    10.0881
After iteration 050:    10.0882
After iteration 051:    10.0882
After iteration 052:    10.0882
After iteration 053:    10.0883
After iteration 054:    10.0883
After iteration 055:    10.0883
After iteration 056:    10.0884
After iteration 057:    10.0883
After iteration 058:    10.0884
After iteration 059:    10.0884
After iteration 060:    10.0883
After iteration 061:    10.0882
After iteration 062:    10.0883
After iteration 063:    10.0883
After iteration 064:    10.0883
After iteration 065:    10.0882
